#-----------------------------------------------------------
# Vivado v2019.1 (64-bit)
# SW Build 2552052 on Fri May 24 14:49:42 MDT 2019
# IP Build 2548770 on Fri May 24 18:01:18 MDT 2019
# Start of session at: Thu Aug 17 11:32:48 2023
# Process ID: 10492
# Current directory: C:/Users/Neta/Desktop/pro/UART_TOP
# Command line: vivado.exe -gui_launcher_event rodinguilauncherevent13196 C:\Users\Neta\Desktop\pro\UART_TOP\UART_TOP.xpr
# Log file: C:/Users/Neta/Desktop/pro/UART_TOP/vivado.log
# Journal file: C:/Users/Neta/Desktop/pro/UART_TOP\vivado.jou
#-----------------------------------------------------------
start_gui
open_project C:/Users/Neta/Desktop/pro/UART_TOP/UART_TOP.xpr
Scanning sources...
Finished scanning sources
INFO: [IP_Flow 19-234] Refreshing IP repositories
INFO: [IP_Flow 19-1704] No user IP repositories specified
INFO: [IP_Flow 19-2313] Loaded Vivado IP repository 'C:/Xilinx/Vivado/2019.1/data/ip'.
open_project: Time (s): cpu = 00:00:13 ; elapsed = 00:00:06 . Memory (MB): peak = 758.715 ; gain = 126.098
update_compile_order -fileset sources_1
exit
INFO: [Common 17-206] Exiting Vivado at Thu Aug 17 11:35:11 2023...
